<?xml version="1.0" encoding="UTF-8"?>
<!-- Generated by org.testng.reporters.JUnitXMLReporter -->
<testsuite hostname="DESKTOP-04AB5OG" ignored="0" name="Validatetitle" tests="1" failures="1" timestamp="03 Nov 2019 17:49:07 GMT" time="11.654" errors="0">
  <testcase name="basePageNavigation" time="0.112" classname="Academy.validatetitle">
    <failure type="junit.framework.ComparisonFailure" message="expected:&amp;lt;...&amp;gt; but was:&amp;lt;...123&amp;gt;">
      <![CDATA[junit.framework.ComparisonFailure: expected:<...> but was:<...123>
at junit.framework.Assert.assertEquals(Assert.java:81)
at junit.framework.Assert.assertEquals(Assert.java:87)
at Academy.validatetitle.basePageNavigation(validatetitle.java:35)
... Removed 25 stack frames]]>
    </failure>
  </testcase> <!-- basePageNavigation -->
</testsuite> <!-- Validatetitle -->
