-------------------------------------------------------------------------------
Test set: TestSuite
-------------------------------------------------------------------------------
Tests run: 4, Failures: 1, Errors: 0, Skipped: 0, Time elapsed: 61.685 s <<< FAILURE! - in TestSuite
basePageNavigation(Academy.validatetitleTest)  Time elapsed: 0.673 s  <<< FAILURE!
junit.framework.ComparisonFailure: expected:<...> but was:<...123>
	at Academy.validatetitleTest.basePageNavigation(validatetitleTest.java:35)

