<?xml version="1.0" encoding="UTF-8"?>
<testng-results skipped="0" failed="1" ignored="0" total="4" passed="3">
  <reporter-output>
  </reporter-output>
  <suite name="Suite" duration-ms="60091" started-at="2019-11-03T18:00:16Z" finished-at="2019-11-03T18:01:16Z">
    <groups>
    </groups>
    <test name="Validatesignin" duration-ms="24066" started-at="2019-11-03T18:00:16Z" finished-at="2019-11-03T18:00:40Z">
      <class name="Academy.HomePageTest">
        <test-method status="PASS" signature="initialize()[pri:0, instance:Academy.HomePageTest@790a251b]" name="initialize" is-config="true" duration-ms="3645" started-at="2019-11-03T18:00:16Z" finished-at="2019-11-03T18:00:19Z">
          <reporter-output>
          </reporter-output>
        </test-method> <!-- initialize -->
        <test-method status="PASS" signature="basePageNavigation(java.lang.String, java.lang.String, java.lang.String)[pri:0, instance:Academy.HomePageTest@790a251b]" name="basePageNavigation" duration-ms="12158" started-at="2019-11-03T18:00:19Z" data-provider="getData" finished-at="2019-11-03T18:00:32Z">
          <params>
            <param index="0">
              <value>
                <![CDATA[nonrestricteduser@email.com]]>
              </value>
            </param>
            <param index="1">
              <value>
                <![CDATA[yes]]>
              </value>
            </param>
            <param index="2">
              <value>
                <![CDATA[non-restricted user]]>
              </value>
            </param>
          </params>
          <reporter-output>
          </reporter-output>
        </test-method> <!-- basePageNavigation -->
        <test-method status="PASS" signature="basePageNavigation(java.lang.String, java.lang.String, java.lang.String)[pri:0, instance:Academy.HomePageTest@790a251b]" name="basePageNavigation" duration-ms="7975" started-at="2019-11-03T18:00:32Z" data-provider="getData" finished-at="2019-11-03T18:00:39Z">
          <params>
            <param index="0">
              <value>
                <![CDATA[restricteduser@email.com]]>
              </value>
            </param>
            <param index="1">
              <value>
                <![CDATA[yes]]>
              </value>
            </param>
            <param index="2">
              <value>
                <![CDATA[restricted user]]>
              </value>
            </param>
          </params>
          <reporter-output>
          </reporter-output>
        </test-method> <!-- basePageNavigation -->
        <test-method status="PASS" signature="exit()[pri:0, instance:Academy.HomePageTest@790a251b]" name="exit" is-config="true" duration-ms="263" started-at="2019-11-03T18:00:39Z" finished-at="2019-11-03T18:00:40Z">
          <reporter-output>
          </reporter-output>
        </test-method> <!-- exit -->
      </class> <!-- Academy.HomePageTest -->
    </test> <!-- Validatesignin -->
    <test name="Validatetitle" duration-ms="26338" started-at="2019-11-03T18:00:40Z" finished-at="2019-11-03T18:01:06Z">
      <class name="Academy.validatetitleTest">
        <test-method status="PASS" signature="initialize()[pri:0, instance:Academy.validatetitleTest@79d9214d]" name="initialize" is-config="true" duration-ms="25571" started-at="2019-11-03T18:00:40Z" finished-at="2019-11-03T18:01:05Z">
          <reporter-output>
          </reporter-output>
        </test-method> <!-- initialize -->
        <test-method status="FAIL" signature="basePageNavigation()[pri:0, instance:Academy.validatetitleTest@79d9214d]" name="basePageNavigation" duration-ms="50" started-at="2019-11-03T18:01:05Z" finished-at="2019-11-03T18:01:05Z">
          <exception class="junit.framework.ComparisonFailure">
            <message>
              <![CDATA[expected:<...> but was:<...123>]]>
            </message>
            <full-stacktrace>
              <![CDATA[junit.framework.ComparisonFailure: expected:<...> but was:<...123>
at junit.framework.Assert.assertEquals(Assert.java:81)
at junit.framework.Assert.assertEquals(Assert.java:87)
at Academy.validatetitleTest.basePageNavigation(validatetitleTest.java:35)
at sun.reflect.NativeMethodAccessorImpl.invoke0(Native Method)
at sun.reflect.NativeMethodAccessorImpl.invoke(NativeMethodAccessorImpl.java:62)
at sun.reflect.DelegatingMethodAccessorImpl.invoke(DelegatingMethodAccessorImpl.java:43)
at java.lang.reflect.Method.invoke(Method.java:498)
at org.testng.internal.MethodInvocationHelper.invokeMethod(MethodInvocationHelper.java:124)
at org.testng.internal.Invoker.invokeMethod(Invoker.java:583)
at org.testng.internal.Invoker.invokeTestMethod(Invoker.java:719)
at org.testng.internal.Invoker.invokeTestMethods(Invoker.java:989)
at org.testng.internal.TestMethodWorker.invokeTestMethods(TestMethodWorker.java:125)
at org.testng.internal.TestMethodWorker.run(TestMethodWorker.java:109)
at org.testng.TestRunner.privateRun(TestRunner.java:648)
at org.testng.TestRunner.run(TestRunner.java:505)
at org.testng.SuiteRunner.runTest(SuiteRunner.java:455)
at org.testng.SuiteRunner.runSequentially(SuiteRunner.java:450)
at org.testng.SuiteRunner.privateRun(SuiteRunner.java:415)
at org.testng.SuiteRunner.run(SuiteRunner.java:364)
at org.testng.SuiteRunnerWorker.runSuite(SuiteRunnerWorker.java:52)
at org.testng.SuiteRunnerWorker.run(SuiteRunnerWorker.java:84)
at org.testng.TestNG.runSuitesSequentially(TestNG.java:1208)
at org.testng.TestNG.runSuitesLocally(TestNG.java:1137)
at org.testng.TestNG.runSuites(TestNG.java:1049)
at org.testng.TestNG.run(TestNG.java:1017)
at org.apache.maven.surefire.testng.TestNGExecutor.run(TestNGExecutor.java:283)
at org.apache.maven.surefire.testng.TestNGXmlTestSuite.execute(TestNGXmlTestSuite.java:75)
at org.apache.maven.surefire.testng.TestNGProvider.invoke(TestNGProvider.java:120)
at sun.reflect.NativeMethodAccessorImpl.invoke0(Native Method)
at sun.reflect.NativeMethodAccessorImpl.invoke(NativeMethodAccessorImpl.java:62)
at sun.reflect.DelegatingMethodAccessorImpl.invoke(DelegatingMethodAccessorImpl.java:43)
at java.lang.reflect.Method.invoke(Method.java:498)
at org.apache.maven.surefire.util.ReflectionUtils.invokeMethodWithArray2(ReflectionUtils.java:186)
at org.apache.maven.surefire.booter.ProviderFactory$ProviderProxy.invoke(ProviderFactory.java:161)
at org.apache.maven.surefire.booter.ProviderFactory.invokeProvider(ProviderFactory.java:84)
at org.apache.maven.plugin.surefire.InPluginVMSurefireStarter.runSuitesInProcess(InPluginVMSurefireStarter.java:87)
at org.apache.maven.plugin.surefire.AbstractSurefireMojo.executeProvider(AbstractSurefireMojo.java:1144)
at org.apache.maven.plugin.surefire.AbstractSurefireMojo.executeAfterPreconditionsChecked(AbstractSurefireMojo.java:1002)
at org.apache.maven.plugin.surefire.AbstractSurefireMojo.execute(AbstractSurefireMojo.java:848)
at org.apache.maven.plugin.DefaultBuildPluginManager.executeMojo(DefaultBuildPluginManager.java:137)
at org.apache.maven.lifecycle.internal.MojoExecutor.execute(MojoExecutor.java:210)
at org.apache.maven.lifecycle.internal.MojoExecutor.execute(MojoExecutor.java:156)
at org.apache.maven.lifecycle.internal.MojoExecutor.execute(MojoExecutor.java:148)
at org.apache.maven.lifecycle.internal.LifecycleModuleBuilder.buildProject(LifecycleModuleBuilder.java:117)
at org.apache.maven.lifecycle.internal.LifecycleModuleBuilder.buildProject(LifecycleModuleBuilder.java:81)
at org.apache.maven.lifecycle.internal.builder.singlethreaded.SingleThreadedBuilder.build(SingleThreadedBuilder.java:56)
at org.apache.maven.lifecycle.internal.LifecycleStarter.execute(LifecycleStarter.java:128)
at org.apache.maven.DefaultMaven.doExecute(DefaultMaven.java:305)
at org.apache.maven.DefaultMaven.doExecute(DefaultMaven.java:192)
at org.apache.maven.DefaultMaven.execute(DefaultMaven.java:105)
at org.apache.maven.cli.MavenCli.execute(MavenCli.java:956)
at org.apache.maven.cli.MavenCli.doMain(MavenCli.java:288)
at org.apache.maven.cli.MavenCli.main(MavenCli.java:192)
at sun.reflect.NativeMethodAccessorImpl.invoke0(Native Method)
at sun.reflect.NativeMethodAccessorImpl.invoke(NativeMethodAccessorImpl.java:62)
at sun.reflect.DelegatingMethodAccessorImpl.invoke(DelegatingMethodAccessorImpl.java:43)
at java.lang.reflect.Method.invoke(Method.java:498)
at org.codehaus.plexus.classworlds.launcher.Launcher.launchEnhanced(Launcher.java:282)
at org.codehaus.plexus.classworlds.launcher.Launcher.launch(Launcher.java:225)
at org.codehaus.plexus.classworlds.launcher.Launcher.mainWithExitCode(Launcher.java:406)
at org.codehaus.plexus.classworlds.launcher.Launcher.main(Launcher.java:347)
]]>
            </full-stacktrace>
          </exception> <!-- junit.framework.ComparisonFailure -->
          <reporter-output>
          </reporter-output>
        </test-method> <!-- basePageNavigation -->
        <test-method status="PASS" signature="exit()[pri:0, instance:Academy.validatetitleTest@79d9214d]" name="exit" is-config="true" duration-ms="92" started-at="2019-11-03T18:01:06Z" finished-at="2019-11-03T18:01:06Z">
          <reporter-output>
          </reporter-output>
        </test-method> <!-- exit -->
      </class> <!-- Academy.validatetitleTest -->
    </test> <!-- Validatetitle -->
    <test name="Test" duration-ms="0" started-at="2019-11-03T18:01:06Z" finished-at="2019-11-03T18:01:06Z">
    </test> <!-- Test -->
    <test name="navigation" duration-ms="9549" started-at="2019-11-03T18:01:06Z" finished-at="2019-11-03T18:01:16Z">
      <class name="Academy.validateNavigationBarTest">
        <test-method status="PASS" signature="initialize()[pri:0, instance:Academy.validateNavigationBarTest@5e7c141d]" name="initialize" is-config="true" duration-ms="9332" started-at="2019-11-03T18:01:06Z" finished-at="2019-11-03T18:01:16Z">
          <reporter-output>
          </reporter-output>
        </test-method> <!-- initialize -->
        <test-method status="PASS" signature="basePageNavigation()[pri:0, instance:Academy.validateNavigationBarTest@5e7c141d]" name="basePageNavigation" duration-ms="102" started-at="2019-11-03T18:01:16Z" finished-at="2019-11-03T18:01:16Z">
          <reporter-output>
          </reporter-output>
        </test-method> <!-- basePageNavigation -->
        <test-method status="PASS" signature="exit()[pri:0, instance:Academy.validateNavigationBarTest@5e7c141d]" name="exit" is-config="true" duration-ms="114" started-at="2019-11-03T18:01:16Z" finished-at="2019-11-03T18:01:16Z">
          <reporter-output>
          </reporter-output>
        </test-method> <!-- exit -->
      </class> <!-- Academy.validateNavigationBarTest -->
    </test> <!-- navigation -->
  </suite> <!-- Suite -->
</testng-results>
