<?xml version="1.0" encoding="UTF-8"?>
<testng-results skipped="0" failed="1" ignored="0" total="4" passed="3">
  <reporter-output>
  </reporter-output>
  <suite name="Suite" duration-ms="50026" started-at="2019-11-03T17:48:28Z" finished-at="2019-11-03T17:49:18Z">
    <groups>
    </groups>
    <test name="Validatesignin" duration-ms="28015" started-at="2019-11-03T17:48:28Z" finished-at="2019-11-03T17:48:56Z">
      <class name="Academy.HomePageTest">
        <test-method status="PASS" signature="initialize()[pri:0, instance:Academy.HomePageTest@4c583ecf]" name="initialize" is-config="true" duration-ms="3739" started-at="2019-11-03T17:48:28Z" finished-at="2019-11-03T17:48:31Z">
          <reporter-output>
          </reporter-output>
        </test-method> <!-- initialize -->
        <test-method status="PASS" signature="basePageNavigation(java.lang.String, java.lang.String, java.lang.String)[pri:0, instance:Academy.HomePageTest@4c583ecf]" name="basePageNavigation" duration-ms="16171" started-at="2019-11-03T17:48:31Z" data-provider="getData" finished-at="2019-11-03T17:48:48Z">
          <params>
            <param index="0">
              <value>
                <![CDATA[nonrestricteduser@email.com]]>
              </value>
            </param>
            <param index="1">
              <value>
                <![CDATA[yes]]>
              </value>
            </param>
            <param index="2">
              <value>
                <![CDATA[non-restricted user]]>
              </value>
            </param>
          </params>
          <reporter-output>
          </reporter-output>
        </test-method> <!-- basePageNavigation -->
        <test-method status="PASS" signature="basePageNavigation(java.lang.String, java.lang.String, java.lang.String)[pri:0, instance:Academy.HomePageTest@4c583ecf]" name="basePageNavigation" duration-ms="7681" started-at="2019-11-03T17:48:48Z" data-provider="getData" finished-at="2019-11-03T17:48:55Z">
          <params>
            <param index="0">
              <value>
                <![CDATA[restricteduser@email.com]]>
              </value>
            </param>
            <param index="1">
              <value>
                <![CDATA[yes]]>
              </value>
            </param>
            <param index="2">
              <value>
                <![CDATA[restricted user]]>
              </value>
            </param>
          </params>
          <reporter-output>
          </reporter-output>
        </test-method> <!-- basePageNavigation -->
        <test-method status="PASS" signature="exit()[pri:0, instance:Academy.HomePageTest@4c583ecf]" name="exit" is-config="true" duration-ms="375" started-at="2019-11-03T17:48:55Z" finished-at="2019-11-03T17:48:56Z">
          <reporter-output>
          </reporter-output>
        </test-method> <!-- exit -->
      </class> <!-- Academy.HomePageTest -->
    </test> <!-- Validatesignin -->
    <test name="Validatetitle" duration-ms="11654" started-at="2019-11-03T17:48:56Z" finished-at="2019-11-03T17:49:07Z">
      <class name="Academy.validatetitle">
        <test-method status="PASS" signature="initialize()[pri:0, instance:Academy.validatetitle@2b71e916]" name="initialize" is-config="true" duration-ms="10267" started-at="2019-11-03T17:48:56Z" finished-at="2019-11-03T17:49:06Z">
          <reporter-output>
          </reporter-output>
        </test-method> <!-- initialize -->
        <test-method status="FAIL" signature="basePageNavigation()[pri:0, instance:Academy.validatetitle@2b71e916]" name="basePageNavigation" duration-ms="112" started-at="2019-11-03T17:49:06Z" finished-at="2019-11-03T17:49:06Z">
          <exception class="junit.framework.ComparisonFailure">
            <message>
              <![CDATA[expected:<...> but was:<...123>]]>
            </message>
            <full-stacktrace>
              <![CDATA[junit.framework.ComparisonFailure: expected:<...> but was:<...123>
at junit.framework.Assert.assertEquals(Assert.java:81)
at junit.framework.Assert.assertEquals(Assert.java:87)
at Academy.validatetitle.basePageNavigation(validatetitle.java:35)
at sun.reflect.NativeMethodAccessorImpl.invoke0(Native Method)
at sun.reflect.NativeMethodAccessorImpl.invoke(NativeMethodAccessorImpl.java:62)
at sun.reflect.DelegatingMethodAccessorImpl.invoke(DelegatingMethodAccessorImpl.java:43)
at java.lang.reflect.Method.invoke(Method.java:498)
at org.testng.internal.MethodInvocationHelper.invokeMethod(MethodInvocationHelper.java:124)
at org.testng.internal.Invoker.invokeMethod(Invoker.java:583)
at org.testng.internal.Invoker.invokeTestMethod(Invoker.java:719)
at org.testng.internal.Invoker.invokeTestMethods(Invoker.java:989)
at org.testng.internal.TestMethodWorker.invokeTestMethods(TestMethodWorker.java:125)
at org.testng.internal.TestMethodWorker.run(TestMethodWorker.java:109)
at org.testng.TestRunner.privateRun(TestRunner.java:648)
at org.testng.TestRunner.run(TestRunner.java:505)
at org.testng.SuiteRunner.runTest(SuiteRunner.java:455)
at org.testng.SuiteRunner.runSequentially(SuiteRunner.java:450)
at org.testng.SuiteRunner.privateRun(SuiteRunner.java:415)
at org.testng.SuiteRunner.run(SuiteRunner.java:364)
at org.testng.SuiteRunnerWorker.runSuite(SuiteRunnerWorker.java:52)
at org.testng.SuiteRunnerWorker.run(SuiteRunnerWorker.java:84)
at org.testng.TestNG.runSuitesSequentially(TestNG.java:1208)
at org.testng.TestNG.runSuitesLocally(TestNG.java:1137)
at org.testng.TestNG.runSuites(TestNG.java:1049)
at org.testng.TestNG.run(TestNG.java:1017)
at org.testng.remote.AbstractRemoteTestNG.run(AbstractRemoteTestNG.java:132)
at org.testng.remote.RemoteTestNG.initAndRun(RemoteTestNG.java:230)
at org.testng.remote.RemoteTestNG.main(RemoteTestNG.java:76)
]]>
            </full-stacktrace>
          </exception> <!-- junit.framework.ComparisonFailure -->
          <reporter-output>
          </reporter-output>
        </test-method> <!-- basePageNavigation -->
        <test-method status="PASS" signature="exit()[pri:0, instance:Academy.validatetitle@2b71e916]" name="exit" is-config="true" duration-ms="301" started-at="2019-11-03T17:49:07Z" finished-at="2019-11-03T17:49:07Z">
          <reporter-output>
          </reporter-output>
        </test-method> <!-- exit -->
      </class> <!-- Academy.validatetitle -->
    </test> <!-- Validatetitle -->
    <test name="Test" duration-ms="1" started-at="2019-11-03T17:49:07Z" finished-at="2019-11-03T17:49:07Z">
    </test> <!-- Test -->
    <test name="navigation" duration-ms="10166" started-at="2019-11-03T17:49:07Z" finished-at="2019-11-03T17:49:18Z">
      <class name="Academy.validateNavigationBar">
        <test-method status="PASS" signature="initialize()[pri:0, instance:Academy.validateNavigationBar@712625fd]" name="initialize" is-config="true" duration-ms="9667" started-at="2019-11-03T17:49:07Z" finished-at="2019-11-03T17:49:17Z">
          <reporter-output>
          </reporter-output>
        </test-method> <!-- initialize -->
        <test-method status="PASS" signature="basePageNavigation()[pri:0, instance:Academy.validateNavigationBar@712625fd]" name="basePageNavigation" duration-ms="238" started-at="2019-11-03T17:49:17Z" finished-at="2019-11-03T17:49:17Z">
          <reporter-output>
          </reporter-output>
        </test-method> <!-- basePageNavigation -->
        <test-method status="PASS" signature="exit()[pri:0, instance:Academy.validateNavigationBar@712625fd]" name="exit" is-config="true" duration-ms="253" started-at="2019-11-03T17:49:17Z" finished-at="2019-11-03T17:49:18Z">
          <reporter-output>
          </reporter-output>
        </test-method> <!-- exit -->
      </class> <!-- Academy.validateNavigationBar -->
    </test> <!-- navigation -->
  </suite> <!-- Suite -->
</testng-results>
